<?xml version="1.0" encoding="UTF-8"?>
<testng-results ignored="0" total="1" passed="1" failed="0" skipped="0">
  <reporter-output>
  </reporter-output>
  <suite started-at="2021-04-08T11:40:41 IST" name="Default suite" finished-at="2021-04-08T11:40:45 IST" duration-ms="3942">
    <groups>
    </groups>
    <test started-at="2021-04-08T11:40:41 IST" name="Default test" finished-at="2021-04-08T11:40:45 IST" duration-ms="3942">
      <class name="twitter.tweet">
        <test-method signature="tweets()[pri:0, instance:twitter.tweet@3dddefd8]" started-at="2021-04-08T11:40:41 IST" name="tweets" finished-at="2021-04-08T11:40:45 IST" duration-ms="3882" status="PASS">
          <reporter-output>
          </reporter-output>
        </test-method> <!-- tweets -->
      </class> <!-- twitter.tweet -->
    </test> <!-- Default test -->
  </suite> <!-- Default suite -->
</testng-results>
